0 info it worked if it ends with ok
1 verbose cli [ '/usr/bin/nodejs', '/usr/bin/npm', 'install', 'htmlparser2' ]
2 info using npm@1.3.10
3 info using node@v0.10.25
4 warn package.json parserhtml-lp@0.0.1 No repository field.
5 verbose readDependencies using package.json deps
6 verbose cache add [ 'htmlparser2@0.10.23', null ]
7 verbose cache add name=undefined spec="htmlparser2@0.10.23" args=["htmlparser2@0.10.23",null]
8 verbose parsed url { protocol: null,
8 verbose parsed url   slashes: null,
8 verbose parsed url   auth: null,
8 verbose parsed url   host: null,
8 verbose parsed url   port: null,
8 verbose parsed url   hostname: null,
8 verbose parsed url   hash: null,
8 verbose parsed url   search: null,
8 verbose parsed url   query: null,
8 verbose parsed url   pathname: 'htmlparser2@0.10.23',
8 verbose parsed url   path: 'htmlparser2@0.10.23',
8 verbose parsed url   href: 'htmlparser2@0.10.23' }
9 verbose cache add name="htmlparser2" spec="0.10.23" args=["htmlparser2","0.10.23"]
10 verbose parsed url { protocol: null,
10 verbose parsed url   slashes: null,
10 verbose parsed url   auth: null,
10 verbose parsed url   host: null,
10 verbose parsed url   port: null,
10 verbose parsed url   hostname: null,
10 verbose parsed url   hash: null,
10 verbose parsed url   search: null,
10 verbose parsed url   query: null,
10 verbose parsed url   pathname: '0.10.23',
10 verbose parsed url   path: '0.10.23',
10 verbose parsed url   href: '0.10.23' }
11 verbose addNamed [ 'htmlparser2', '0.10.23' ]
12 verbose addNamed [ '0.10.23', '0.10.23' ]
13 silly lockFile 5c6d1044-htmlparser2-0-10-23 htmlparser2@0.10.23
14 verbose lock htmlparser2@0.10.23 /home/mairieliw/.npm/5c6d1044-htmlparser2-0-10-23.lock
15 verbose url raw htmlparser2/0.10.23
16 verbose url resolving [ 'https://registry.npmjs.org/', './htmlparser2/0.10.23' ]
17 verbose url resolved https://registry.npmjs.org/htmlparser2/0.10.23
18 info trying registry request attempt 1 at 15:20:07
19 http GET https://registry.npmjs.org/htmlparser2/0.10.23
20 http 404 https://registry.npmjs.org/htmlparser2/0.10.23
21 silly registry.get cb [ 404,
21 silly registry.get   { server: 'CouchDB/1.5.0 (Erlang OTP/R16B03)',
21 silly registry.get     etag: '"6VAK7HWYWDPDQNSC0LYOARSMR"',
21 silly registry.get     'content-type': 'application/json',
21 silly registry.get     'cache-control': 'max-age=0',
21 silly registry.get     'content-length': '38',
21 silly registry.get     'accept-ranges': 'bytes',
21 silly registry.get     date: 'Sun, 03 Apr 2016 18:20:07 GMT',
21 silly registry.get     via: '1.1 varnish',
21 silly registry.get     age: '0',
21 silly registry.get     connection: 'keep-alive',
21 silly registry.get     'x-served-by': 'cache-iad2148-IAD',
21 silly registry.get     'x-cache': 'MISS',
21 silly registry.get     'x-cache-hits': '0',
21 silly registry.get     'x-timer': 'S1459707607.859375,VS0,VE92',
21 silly registry.get     vary: 'Accept' } ]
22 silly lockFile 5c6d1044-htmlparser2-0-10-23 htmlparser2@0.10.23
23 silly lockFile 5c6d1044-htmlparser2-0-10-23 htmlparser2@0.10.23
24 error Error: version not found: 0.10.23 : htmlparser2/0.10.23
24 error     at RegClient.<anonymous> (/usr/share/npm/node_modules/npm-registry-client/lib/request.js:272:14)
24 error     at Request.self.callback (/usr/lib/nodejs/request/index.js:148:22)
24 error     at Request.EventEmitter.emit (events.js:98:17)
24 error     at Request.<anonymous> (/usr/lib/nodejs/request/index.js:896:14)
24 error     at Request.EventEmitter.emit (events.js:117:20)
24 error     at IncomingMessage.<anonymous> (/usr/lib/nodejs/request/index.js:847:12)
24 error     at IncomingMessage.EventEmitter.emit (events.js:117:20)
24 error     at _stream_readable.js:920:16
24 error     at process._tickCallback (node.js:415:13)
25 error If you need help, you may report this log at:
25 error     <http://github.com/isaacs/npm/issues>
25 error or email it to:
25 error     <npm-@googlegroups.com>
26 error System Linux 3.19.0-56-generic
27 error command "/usr/bin/nodejs" "/usr/bin/npm" "install" "htmlparser2"
28 error cwd /home/mairieliw/Workspace/parserhtml-lp
29 error node -v v0.10.25
30 error npm -v 1.3.10
31 verbose exit [ 1, true ]
